[tonomi.com/index.html]
[backblue.gif]
[fade.gif]
[index.html]
[tonomi.com/bigdata.html]
[tonomi.com/ecommerce.html]
[tonomi.com/pricing.html]
[tonomi.com/company.html]
[tonomi.com/blog/summary.html]
[tonomi.com/signup.html]
[tonomi.com/index.html]
[tonomi.com/bigdata.html]
[tonomi.com/cloud-commerce.html]
[tonomi.com/ecommerce.html]
[tonomi.com/pricing.html]
[tonomi.com/career-single-engineer.html]
[tonomi.com/job-post-client-engineer.html]
[tonomi.com/job-post-client-architect.html]
[tonomi.com/company.html]
[tonomi.com/blog/summary.html]
[tonomi.com/signup.html]
[tonomi.com/cloud-commerce.html]
[tonomi.com/career-single-engineer.html]
[tonomi.com/job-post-client-engineer.html]
[tonomi.com/job-post-client-architect.html]
[tonomi.com/signup7fb1.html]
[tonomi.com/signup2691.html]
[tonomi.com/signup2c47.html]
[tonomi.com/signupc834.html]
[tonomi.com/blog/blog-post-fujitsu-partnership.html]
[tonomi.com/blog/when-pigs-fly.html]
